Build started 2015-10-04 21:10:59.
     1>Project "C:\Users\Justinas\Documents\Lygiagretus Programavimas\LinkeviciusJ_L1c\LinkeviciusJ_L3c\LinkeviciusJ_L3c.vcxproj" on node 2 (Build target(s)).
     1>C:\Program Files (x86)\MSBuild\Microsoft.Cpp\v4.0\V120\Microsoft.CppBuild.targets(388,5): warning MSB8028: The intermediate directory (Debug\) contains files shared from another project (LinkeviciusJ_L3c.vcxproj).  This can lead to incorrect clean and rebuild behavior.
     1>AddCudaCompileDeps:
         C:\Program Files (x86)\Microsoft Visual Studio 12.0\VC\bin\cl.exe /E /nologo /showIncludes /TP /D__CUDACC__ /DWIN32 /D_DEBUG /D_CONSOLE /D_MBCS /I"C:\Program Files\NVIDIA GPU Computing Toolkit\CUDA\v7.5\include" /I"C:\Program Files\NVIDIA GPU Computing Toolkit\CUDA\v7.5\bin" /I"C:\Program Files\NVIDIA GPU Computing Toolkit\CUDA\v7.5\include" /I. /FIcuda_runtime.h /c "C:\Users\Justinas\Documents\Lygiagretus Programavimas\LinkeviciusJ_L1c\LinkeviciusJ_L3c\LinkeviciusJ_L1c.cu" 
       CudaBuild:
         Compiling CUDA source file LinkeviciusJ_L1c.cu...
         cmd.exe /C "C:\Users\Justinas\AppData\Local\Temp\tmp745b56a9f84f4c5281f20f4c37b14e8c.cmd"
         "C:\Program Files\NVIDIA GPU Computing Toolkit\CUDA\v7.5\bin\nvcc.exe" -gencode=arch=compute_20,code=\"sm_20,compute_20\" --use-local-env --cl-version 2013 -ccbin "C:\Program Files (x86)\Microsoft Visual Studio 12.0\VC\bin"  -I"C:\Program Files\NVIDIA GPU Computing Toolkit\CUDA\v7.5\include" -I"C:\Program Files\NVIDIA GPU Computing Toolkit\CUDA\v7.5\include"  -G   --keep-dir Debug -maxrregcount=0  --machine 32 --compile -cudart static  -g   -DWIN32 -D_DEBUG -D_CONSOLE -D_MBCS -Xcompiler "/EHsc /W3 /nologo /Od /Zi /RTC1 /MDd " -o Debug\LinkeviciusJ_L1c.cu.obj "C:\Users\Justinas\Documents\Lygiagretus Programavimas\LinkeviciusJ_L1c\LinkeviciusJ_L3c\LinkeviciusJ_L1c.cu"
         
         C:\Users\Justinas\Documents\Lygiagretus Programavimas\LinkeviciusJ_L1c\LinkeviciusJ_L3c>"C:\Program Files\NVIDIA GPU Computing Toolkit\CUDA\v7.5\bin\nvcc.exe" -gencode=arch=compute_20,code=\"sm_20,compute_20\" --use-local-env --cl-version 2013 -ccbin "C:\Program Files (x86)\Microsoft Visual Studio 12.0\VC\bin"  -I"C:\Program Files\NVIDIA GPU Computing Toolkit\CUDA\v7.5\include" -I"C:\Program Files\NVIDIA GPU Computing Toolkit\CUDA\v7.5\include"  -G   --keep-dir Debug -maxrregcount=0  --machine 32 --compile -cudart static  -g   -DWIN32 -D_DEBUG -D_CONSOLE -D_MBCS -Xcompiler "/EHsc /W3 /nologo /Od /Zi /RTC1 /MDd " -o Debug\LinkeviciusJ_L1c.cu.obj "C:\Users\Justinas\Documents\Lygiagretus Programavimas\LinkeviciusJ_L1c\LinkeviciusJ_L3c\LinkeviciusJ_L1c.cu" 
         LinkeviciusJ_L1c.cu
     1>C:/Users/Justinas/Documents/Lygiagretus Programavimas/LinkeviciusJ_L1c/LinkeviciusJ_L3c/LinkeviciusJ_L1c.cu(75): warning C4244: '=' : conversion from 'double' to 'int', possible loss of data
       Link:
         C:\Program Files (x86)\Microsoft Visual Studio 12.0\VC\bin\link.exe /ERRORREPORT:PROMPT /OUT:"C:\Users\Justinas\Documents\Lygiagretus Programavimas\LinkeviciusJ_L1c\Debug\LinkeviciusJ_L1c.exe" /INCREMENTAL /NOLOGO /LIBPATH:"C:\Program Files\NVIDIA GPU Computing Toolkit\CUDA\v7.5\lib\Win32" cudart.lib kernel32.lib user32.lib gdi32.lib winspool.lib comdlg32.lib advapi32.lib shell32.lib ole32.lib oleaut32.lib uuid.lib odbc32.lib odbccp32.lib kernel32.lib user32.lib gdi32.lib winspool.lib comdlg32.lib advapi32.lib shell32.lib ole32.lib oleaut32.lib uuid.lib odbc32.lib odbccp32.lib /MANIFEST /MANIFESTUAC:"level='asInvoker' uiAccess='false'" /manifest:embed /DEBUG /PDB:"C:\Users\Justinas\Documents\Lygiagretus Programavimas\LinkeviciusJ_L1c\Debug\LinkeviciusJ_L1c.pdb" /SUBSYSTEM:CONSOLE /TLBID:1 /DYNAMICBASE /NXCOMPAT /IMPLIB:"C:\Users\Justinas\Documents\Lygiagretus Programavimas\LinkeviciusJ_L1c\Debug\LinkeviciusJ_L1c.lib" /MACHINE:X86 Debug\LinkeviciusJ_L1c.cu.obj
         LinkeviciusJ_L3c.vcxproj -> C:\Users\Justinas\Documents\Lygiagretus Programavimas\LinkeviciusJ_L1c\Debug\LinkeviciusJ_L1c.exe
       PostBuildEvent:
         echo copy "C:\Program Files\NVIDIA GPU Computing Toolkit\CUDA\v7.5\bin\cudart*.dll" "C:\Users\Justinas\Documents\Lygiagretus Programavimas\LinkeviciusJ_L1c\Debug\"
         copy "C:\Program Files\NVIDIA GPU Computing Toolkit\CUDA\v7.5\bin\cudart*.dll" "C:\Users\Justinas\Documents\Lygiagretus Programavimas\LinkeviciusJ_L1c\Debug\"
         :VCEnd
         copy "C:\Program Files\NVIDIA GPU Computing Toolkit\CUDA\v7.5\bin\cudart*.dll" "C:\Users\Justinas\Documents\Lygiagretus Programavimas\LinkeviciusJ_L1c\Debug\"
         C:\Program Files\NVIDIA GPU Computing Toolkit\CUDA\v7.5\bin\cudart32_75.dll
         C:\Program Files\NVIDIA GPU Computing Toolkit\CUDA\v7.5\bin\cudart64_75.dll
                 2 file(s) copied.
     1>Done Building Project "C:\Users\Justinas\Documents\Lygiagretus Programavimas\LinkeviciusJ_L1c\LinkeviciusJ_L3c\LinkeviciusJ_L3c.vcxproj" (Build target(s)).

Build succeeded.

Time Elapsed 00:00:07.65
